[    0.000000] Initializing cgroup subsys cpuset
[    0.000000] Initializing cgroup subsys cpu
[    0.000000] Initializing cgroup subsys cpuacct
[    0.000000] Linux version 4.4.0-203-generic (buildd@lcy01-amd64-027) (gcc version 5.4.0 20160609 (Ubuntu 5.4.0-6ubuntu1~16.04.12) ) #235-Ubuntu SMP Tue Feb 2 02:49:08 UTC 2021 (Ubuntu 4.4.0-203.235-generic 4.4.249)
[    0.000000] Command line: BOOT_IMAGE=/boot/vmlinuz-4.4.0-203-generic root=LABEL=cloudimg-rootfs ro console=tty1 console=ttyS0
[    0.000000] KERNEL supported cpus:
[    0.000000]   Intel GenuineIntel
[    0.000000]   AMD AuthenticAMD
[    0.000000]   Centaur CentaurHauls
[    0.000000] x86/fpu: xstate_offset[2]:  576, xstate_sizes[2]:  256
[    0.000000] x86/fpu: Supporting XSAVE feature 0x01: 'x87 floating point registers'
[    0.000000] x86/fpu: Supporting XSAVE feature 0x02: 'SSE registers'
[    0.000000] x86/fpu: Supporting XSAVE feature 0x04: 'AVX registers'
[    0.000000] x86/fpu: Enabled xstate features 0x7, context size is 832 bytes, using 'standard' format.
[    0.000000] e820: BIOS-provided physical RAM map:
[    0.000000] BIOS-e820: [mem 0x0000000000000000-0x000000000009fbff] usable
[    0.000000] BIOS-e820: [mem 0x000000000009fc00-0x000000000009ffff] reserved
[    0.000000] BIOS-e820: [mem 0x00000000000f0000-0x00000000000fffff] reserved
[    0.000000] BIOS-e820: [mem 0x0000000000100000-0x000000001ffeffff] usable
[    0.000000] BIOS-e820: [mem 0x000000001fff0000-0x000000001fffffff] ACPI data
[    0.000000] BIOS-e820: [mem 0x00000000fec00000-0x00000000fec00fff] reserved
[    0.000000] BIOS-e820: [mem 0x00000000fee00000-0x00000000fee00fff] reserved
[    0.000000] BIOS-e820: [mem 0x00000000fffc0000-0x00000000ffffffff] reserved
[    0.000000] NX (Execute Disable) protection: active
[    0.000000] SMBIOS 2.5 present.
[    0.000000] Hypervisor detected: KVM
[    0.000000] e820: last_pfn = 0x1fff0 max_arch_pfn = 0x400000000
[    0.000000] MTRR: Disabled
[    0.000000] x86/PAT: MTRRs disabled, skipping PAT initialization too.
[    0.000000] CPU MTRRs all blank - virtualized system.
[    0.000000] x86/PAT: Configuration [0-7]: WB  WT  UC- UC  WB  WT  UC- UC  
[    0.000000] found SMP MP-table at [mem 0x0009fff0-0x0009ffff] mapped at [ffff88000009fff0]
[    0.000000] Scanning 1 areas for low memory corruption
[    0.000000] RAMDISK: [mem 0x1e8a2000-0x1f72bfff]
[    0.000000] ACPI: Early table checksum verification disabled
[    0.000000] ACPI: RSDP 0x00000000000E0000 000024 (v02 VBOX  )
[    0.000000] ACPI: XSDT 0x000000001FFF0030 00003C (v01 VBOX   VBOXXSDT 00000001 ASL  00000061)
[    0.000000] ACPI: FACP 0x000000001FFF00F0 0000F4 (v04 VBOX   VBOXFACP 00000001 ASL  00000061)
[    0.000000] ACPI: DSDT 0x000000001FFF0470 002325 (v02 VBOX   VBOXBIOS 00000002 INTL 20100528)
[    0.000000] ACPI: FACS 0x000000001FFF0200 000040
[    0.000000] ACPI: FACS 0x000000001FFF0200 000040
[    0.000000] ACPI: APIC 0x000000001FFF0240 00005C (v02 VBOX   VBOXAPIC 00000001 ASL  00000061)
[    0.000000] ACPI: SSDT 0x000000001FFF02A0 0001CC (v01 VBOX   VBOXCPUT 00000002 INTL 20100528)
[    0.000000] No NUMA configuration found
[    0.000000] Faking a node at [mem 0x0000000000000000-0x000000001ffeffff]
[    0.000000] NODE_DATA(0) allocated [mem 0x1ffeb000-0x1ffeffff]
[    0.000000] kvm-clock: Using msrs 4b564d01 and 4b564d00
[    0.000000] kvm-clock: cpu 0, msr 0:1ffe3001, primary cpu clock
[    0.000000] kvm-clock: using sched offset of 3660125426 cycles
[    0.000000] clocksource: kvm-clock: mask: 0xffffffffffffffff max_cycles: 0x1cd42e4dffb, max_idle_ns: 881590591483 ns
[    0.000000] Zone ranges:
[    0.000000]   DMA      [mem 0x0000000000001000-0x0000000000ffffff]
[    0.000000]   DMA32    [mem 0x0000000001000000-0x000000001ffeffff]
[    0.000000]   Normal   empty
[    0.000000]   Device   empty
[    0.000000] Movable zone start for each node
[    0.000000] Early memory node ranges
[    0.000000]   node   0: [mem 0x0000000000001000-0x000000000009efff]
[    0.000000]   node   0: [mem 0x0000000000100000-0x000000001ffeffff]
[    0.000000] Initmem setup node 0 [mem 0x0000000000001000-0x000000001ffeffff]
[    0.000000] ACPI: PM-Timer IO Port: 0x4008
[    0.000000] IOAPIC[0]: apic_id 2, version 32, address 0xfec00000, GSI 0-23
[    0.000000] ACPI: INT_SRC_OVR (bus 0 bus_irq 0 global_irq 2 dfl dfl)
[    0.000000] ACPI: INT_SRC_OVR (bus 0 bus_irq 9 global_irq 9 low level)
[    0.000000] Using ACPI (MADT) for SMP configuration information
[    0.000000] smpboot: Allowing 2 CPUs, 0 hotplug CPUs
[    0.000000] PM: Registered nosave memory: [mem 0x00000000-0x00000fff]
[    0.000000] PM: Registered nosave memory: [mem 0x0009f000-0x0009ffff]
[    0.000000] PM: Registered nosave memory: [mem 0x000a0000-0x000effff]
[    0.000000] PM: Registered nosave memory: [mem 0x000f0000-0x000fffff]
[    0.000000] e820: [mem 0x20000000-0xfebfffff] available for PCI devices
[    0.000000] Booting paravirtualized kernel on KVM
[    0.000000] clocksource: refined-jiffies: mask: 0xffffffff max_cycles: 0xffffffff, max_idle_ns: 7645519600211568 ns
[    0.000000] setup_percpu: NR_CPUS:512 nr_cpumask_bits:512 nr_cpu_ids:2 nr_node_ids:1
[    0.000000] PERCPU: Embedded 33 pages/cpu @ffff88001fc00000 s95640 r8192 d31336 u1048576
[    0.000000] Built 1 zonelists in Node order, mobility grouping on.  Total pages: 128888
[    0.000000] Policy zone: DMA32
[    0.000000] Kernel command line: BOOT_IMAGE=/boot/vmlinuz-4.4.0-203-generic root=LABEL=cloudimg-rootfs ro console=tty1 console=ttyS0
[    0.000000] PID hash table entries: 2048 (order: 2, 16384 bytes)
[    0.000000] Memory: 481572K/523832K available (8641K kernel code, 1337K rwdata, 4044K rodata, 1496K init, 1296K bss, 42260K reserved, 0K cma-reserved)
[    0.000000] SLUB: HWalign=64, Order=0-3, MinObjects=0, CPUs=2, Nodes=1
[    0.000000] Kernel/User page tables isolation: enabled
[    0.000000] Hierarchical RCU implementation.
[    0.000000] 	Build-time adjustment of leaf fanout to 64.
[    0.000000] 	RCU restricting CPUs from NR_CPUS=512 to nr_cpu_ids=2.
[    0.000000] RCU: Adjusting geometry for rcu_fanout_leaf=64, nr_cpu_ids=2
[    0.000000] NR_IRQS:33024 nr_irqs:440 16
[    0.000000] Console: colour VGA+ 80x25
[    0.000000] console [tty1] enabled
[    0.000000] console [ttyS0] enabled
[    0.000000] tsc: Detected 1991.999 MHz processor
[    0.192182] Calibrating delay loop (skipped) preset value.. 3983.99 BogoMIPS (lpj=7967996)
[    0.194503] pid_max: default: 32768 minimum: 301
[    0.195717] ACPI: Core revision 20150930
[    0.198366] ACPI: 2 ACPI AML tables successfully acquired and loaded
[    0.200479] Security Framework initialized
[    0.201676] Yama: becoming mindful.
[    0.202606] AppArmor: AppArmor initialized
[    0.203767] Dentry cache hash table entries: 65536 (order: 7, 524288 bytes)
[    0.205399] Inode-cache hash table entries: 32768 (order: 6, 262144 bytes)
[    0.207336] Mount-cache hash table entries: 1024 (order: 1, 8192 bytes)
[    0.208891] Mountpoint-cache hash table entries: 1024 (order: 1, 8192 bytes)
[    0.210718] Initializing cgroup subsys io
[    0.211965] Initializing cgroup subsys memory
[    0.213402] Initializing cgroup subsys devices
[    0.214574] Initializing cgroup subsys freezer
[    0.215698] Initializing cgroup subsys net_cls
[    0.216849] Initializing cgroup subsys perf_event
[    0.218024] Initializing cgroup subsys net_prio
[    0.219194] Initializing cgroup subsys hugetlb
[    0.220291] Initializing cgroup subsys pids
[    0.237755] mce: CPU supports 0 MCE banks
[    0.238819] Last level iTLB entries: 4KB 64, 2MB 8, 4MB 8
[    0.240113] Last level dTLB entries: 4KB 64, 2MB 0, 4MB 0, 1GB 4
[    0.241564] Spectre V1 : Mitigation: usercopy/swapgs barriers and __user pointer sanitization
[    0.243922] Spectre V2 : Mitigation: Full generic retpoline
[    0.246476] Spectre V2 : Spectre v2 / SpectreRSB mitigation: Filling RSB on context switch
[    0.248934] Speculative Store Bypass: Vulnerable
[    0.250038] SRBDS: Unknown: Dependent on hypervisor status
[    0.251425] MDS: Mitigation: Clear CPU buffers
[    0.255509] Freeing SMP alternatives memory: 36K
[    0.262961] ftrace: allocating 32366 entries in 127 pages
[    0.329566] smpboot: APIC(0) Converting physical 0 to logical package 0
[    0.331420] smpboot: Max logical packages: 1
[    0.333025] x2apic enabled
[    0.334133] Switched APIC routing to physical x2apic.
[    0.336832] ..TIMER: vector=0x30 apic1=0 pin1=2 apic2=-1 pin2=-1
[    0.446618] smpboot: CPU0: Intel(R) Core(TM) i7-8550U CPU @ 1.80GHz (family: 0x6, model: 0x8e, stepping: 0xa)
[    0.449447] Performance Events: unsupported p6 CPU model 142 no PMU driver, software events only.
[    0.462250] KVM setup paravirtual spinlock
[    0.464184] x86: Booting SMP configuration:
[    0.465282] .... node  #0, CPUs:      #1
[    0.466496] kvm-clock: cpu 1, msr 0:1ffe3041, secondary cpu clock
[    0.482159] mce: CPU supports 0 MCE banks
[    0.485484] x86: Booted up 1 node, 2 CPUs
[    0.487017] smpboot: Total of 2 processors activated (7967.99 BogoMIPS)
[    0.500352] devtmpfs: initialized
[    0.503562] evm: security.selinux
[    0.504669] evm: security.SMACK64
[    0.506142] evm: security.SMACK64EXEC
[    0.507159] evm: security.SMACK64TRANSMUTE
[    0.508256] evm: security.SMACK64MMAP
[    0.509239] evm: security.ima
[    0.510314] evm: security.capability
[    0.512394] clocksource: jiffies: mask: 0xffffffff max_cycles: 0xffffffff, max_idle_ns: 7645041785100000 ns
[    0.515175] futex hash table entries: 512 (order: 3, 32768 bytes)
[    0.517037] pinctrl core: initialized pinctrl subsystem
[    0.518464] RTC time: 17:28:45, date: 03/18/21
[    0.520000] NET: Registered protocol family 16
[    0.532604] cpuidle: using governor ladder
[    0.544867] cpuidle: using governor menu
[    0.546890] PCCT header not found.
[    0.548358] ACPI: bus type PCI registered
[    0.549461] acpiphp: ACPI Hot Plug PCI Controller Driver version: 0.5
[    0.551171] PCI: Using configuration type 1 for base access
[    0.566039] ACPI: Added _OSI(Module Device)
[    0.567138] ACPI: Added _OSI(Processor Device)
[    0.568467] ACPI: Added _OSI(3.0 _SCP Extensions)
[    0.569893] ACPI: Added _OSI(Processor Aggregator Device)
[    0.571909] ACPI: Executed 1 blocks of module-level executable AML code
[    0.575819] ACPI: Interpreter enabled
[    0.576771] ACPI: (supports S0 S5)
[    0.578035] ACPI: Using IOAPIC for interrupt routing
[    0.580432] PCI: Using host bridge windows from ACPI; if necessary, use "pci=nocrs" and report a bug
[    0.586352] ACPI: PCI Root Bridge [PCI0] (domain 0000 [bus 00-ff])
[    0.587841] acpi PNP0A03:00: _OSC: OS supports [ASPM ClockPM Segments MSI]
[    0.589792] acpi PNP0A03:00: _OSC: not requesting OS control; OS requires [ExtendedConfig ASPM ClockPM MSI]
[    0.592561] acpi PNP0A03:00: fail to add MMCONFIG information, can't access extended PCI configuration space under this bridge.
[    0.597071] PCI host bridge to bus 0000:00
[    0.598706] pci_bus 0000:00: root bus resource [io  0x0000-0x0cf7 window]
[    0.600616] pci_bus 0000:00: root bus resource [io  0x0d00-0xffff window]
[    0.602403] pci_bus 0000:00: root bus resource [mem 0x000a0000-0x000bffff window]
[    0.604332] pci_bus 0000:00: root bus resource [mem 0x20000000-0xfdffffff window]
[    0.606292] pci_bus 0000:00: root bus resource [bus 00-ff]
[    0.609627] pci 0000:00:01.1: legacy IDE quirk: reg 0x10: [io  0x01f0-0x01f7]
[    0.612172] pci 0000:00:01.1: legacy IDE quirk: reg 0x14: [io  0x03f6]
[    0.613707] pci 0000:00:01.1: legacy IDE quirk: reg 0x18: [io  0x0170-0x0177]
[    0.629114] pci 0000:00:01.1: legacy IDE quirk: reg 0x1c: [io  0x0376]
[    0.641294] pci 0000:00:07.0: quirk: [io  0x4000-0x403f] claimed by PIIX4 ACPI
[    0.643275] pci 0000:00:07.0: quirk: [io  0x4100-0x410f] claimed by PIIX4 SMB
[    0.656250] ACPI: PCI Interrupt Link [LNKA] (IRQs 5 9 10 *11)
[    0.658449] ACPI: PCI Interrupt Link [LNKB] (IRQs 5 9 *10 11)
[    0.660894] ACPI: PCI Interrupt Link [LNKC] (IRQs 5 *9 10 11)
[    0.663973] ACPI: PCI Interrupt Link [LNKD] (IRQs 5 9 10 *11)
[    0.666420] ACPI: Enabled 2 GPEs in block 00 to 07
[    0.668153] vgaarb: setting as boot device: PCI:0000:00:02.0
[    0.669558] vgaarb: device added: PCI:0000:00:02.0,decodes=io+mem,owns=io+mem,locks=none
[    0.671652] vgaarb: loaded
[    0.672479] vgaarb: bridge control possible 0000:00:02.0
[    0.674029] SCSI subsystem initialized
[    0.675302] ACPI: bus type USB registered
[    0.676507] usbcore: registered new interface driver usbfs
[    0.678512] usbcore: registered new interface driver hub
[    0.680138] usbcore: registered new device driver usb
[    0.681738] PCI: Using ACPI for IRQ routing
[    0.683139] NetLabel: Initializing
[    0.684285] NetLabel:  domain hash size = 128
[    0.685421] NetLabel:  protocols = UNLABELED CIPSOv4
[    0.686751] NetLabel:  unlabeled traffic allowed by default
[    0.688344] amd_nb: Cannot enumerate AMD northbridges
[    0.689655] clocksource: Switched to clocksource kvm-clock
[    0.703198] AppArmor: AppArmor Filesystem Enabled
[    0.704442] pnp: PnP ACPI init
[    0.706200] pnp: PnP ACPI: found 3 devices
[    0.722361] clocksource: acpi_pm: mask: 0xffffff max_cycles: 0xffffff, max_idle_ns: 2085701024 ns
[    0.724596] NET: Registered protocol family 2
[    0.726257] TCP established hash table entries: 4096 (order: 3, 32768 bytes)
[    0.728770] TCP bind hash table entries: 4096 (order: 4, 65536 bytes)
[    0.730517] TCP: Hash tables configured (established 4096 bind 4096)
[    0.732331] UDP hash table entries: 256 (order: 1, 8192 bytes)
[    0.733792] UDP-Lite hash table entries: 256 (order: 1, 8192 bytes)
[    0.735320] NET: Registered protocol family 1
[    0.736533] pci 0000:00:00.0: Limiting direct PCI/PCI transfers
[    0.738206] pci 0000:00:01.0: Activating ISA DMA hang workarounds
[    0.747176] Unpacking initramfs...
[    1.083379] Freeing initrd memory: 14888K
[    1.084594] clocksource: tsc: mask: 0xffffffffffffffff max_cycles: 0x396d4ffc055, max_idle_ns: 881590662783 ns
[    1.087109] platform rtc_cmos: registered platform RTC device (no PNP device found)
[    1.088987] Scanning for low memory corruption every 60 seconds
[    1.090822] audit: initializing netlink subsys (disabled)
[    1.092033] audit: type=2000 audit(1616088530.657:1): initialized
[    1.094697] Initialise system trusted keyring
[    1.096707] HugeTLB registered 2 MB page size, pre-allocated 0 pages
[    1.099707] zbud: loaded
[    1.100857] VFS: Disk quotas dquot_6.6.0
[    1.101909] VFS: Dquot-cache hash table entries: 512 (order 0, 4096 bytes)
[    1.103759] squashfs: version 4.0 (2009/01/31) Phillip Lougher
[    1.105611] fuse init (API version 7.23)
[    1.107050] Key type big_key registered
[    1.108217] Allocating IMA MOK and blacklist keyrings.
[    1.111934] Key type asymmetric registered
[    1.113829] Asymmetric key parser 'x509' registered
[    1.115103] Block layer SCSI generic (bsg) driver version 0.4 loaded (major 249)
[    1.117337] io scheduler noop registered
[    1.118465] io scheduler deadline registered (default)
[    1.119815] io scheduler cfq registered
[    1.120902] pci_hotplug: PCI Hot Plug PCI Core version: 0.5
[    1.122310] pciehp: PCI Express Hot Plug Controller Driver version: 0.4
[    1.123993] ACPI: AC Adapter [AC] (on-line)
[    1.125340] input: Power Button as /devices/LNXSYSTM:00/LNXPWRBN:00/input/input0
[    1.128263] ACPI: Power Button [PWRF]
[    1.129532] input: Sleep Button as /devices/LNXSYSTM:00/LNXSLPBN:00/input/input1
[    1.131695] ACPI: Sleep Button [SLPF]
[    1.133603] ACPI: Battery Slot [BAT0] (battery present)
[    1.135327] GHES: HEST is not enabled!
[    1.136735] Serial: 8250/16550 driver, 32 ports, IRQ sharing enabled
[    1.159147] 00:02: ttyS0 at I/O 0x3f8 (irq = 4, base_baud = 115200) is a 16550A
[    1.168662] Linux agpgart interface v0.103
[    1.181884] loop: module loaded
[    1.183513] scsi host0: ata_piix
[    1.184727] scsi host1: ata_piix
[    1.185678] ata1: PATA max UDMA/33 cmd 0x1f0 ctl 0x3f6 bmdma 0xd000 irq 14
[    1.187322] ata2: PATA max UDMA/33 cmd 0x170 ctl 0x376 bmdma 0xd008 irq 15
[    1.189075] libphy: Fixed MDIO Bus: probed
[    1.190240] tun: Universal TUN/TAP device driver, 1.6
[    1.191583] tun: (C) 1999-2004 Max Krasnyansky <maxk@qualcomm.com>
[    1.194764] PPP generic driver version 2.4.2
[    1.196390] ehci_hcd: USB 2.0 'Enhanced' Host Controller (EHCI) Driver
[    1.198015] ehci-pci: EHCI PCI platform driver
[    1.199588] ehci-platform: EHCI generic platform driver
[    1.200981] ohci_hcd: USB 1.1 'Open' Host Controller (OHCI) Driver
[    1.202763] ohci-pci: OHCI PCI platform driver
[    1.204131] ohci-platform: OHCI generic platform driver
[    1.205820] uhci_hcd: USB Universal Host Controller Interface driver
[    1.207670] i8042: PNP: PS/2 Controller [PNP0303:PS2K,PNP0f03:PS2M] at 0x60,0x64 irq 1,12
[    1.210357] serio: i8042 KBD port at 0x60,0x64 irq 1
[    1.211977] serio: i8042 AUX port at 0x60,0x64 irq 12
[    1.213602] mousedev: PS/2 mouse device common for all mice
[    1.215510] input: AT Translated Set 2 keyboard as /devices/platform/i8042/serio0/input/input2
[    1.218287] rtc_cmos rtc_cmos: rtc core: registered rtc_cmos as rtc0
[    1.219948] rtc_cmos rtc_cmos: alarms up to one day, 114 bytes nvram
[    1.221483] i2c /dev entries driver
[    1.222601] device-mapper: uevent: version 1.0.3
[    1.223943] device-mapper: ioctl: 4.34.0-ioctl (2015-10-28) initialised: dm-devel@redhat.com
[    1.226527] ledtrig-cpu: registered to indicate activity on CPUs
[    1.229073] NET: Registered protocol family 10
[    1.230545] NET: Registered protocol family 17
[    1.232013] Key type dns_resolver registered
[    1.234646] registered taskstats version 1
[    1.235688] Loading compiled-in X.509 certificates
[    1.237658] Loaded X.509 cert 'Build time autogenerated kernel key: c0f1dd89d7e09a1955be4fde7c6f946674683c10'
[    1.240680] zswap: loaded using pool lzo/zbud
[    1.244865] Key type trusted registered
[    1.249912] Key type encrypted registered
[    1.251130] AppArmor: AppArmor sha1 policy hashing enabled
[    1.252482] ima: No TPM chip found, activating TPM-bypass!
[    1.253864] ima: Allocated hash algorithm: sha1
[    1.254982] evm: HMAC attrs: 0x1
[    1.256450]   Magic number: 13:64:492
[    1.257548] rtc_cmos rtc_cmos: setting system clock to 2021-03-18 17:28:45 UTC (1616088525)
[    1.260140] BIOS EDD facility v0.16 2004-Jun-25, 0 devices found
[    1.261935] EDD information not available.
[    1.368397] Freeing unused kernel memory: 1496K
[    1.369603] Write protecting the kernel read-only data: 14336k
[    1.371660] Freeing unused kernel memory: 1588K
[    1.373014] Freeing unused kernel memory: 52K
Loading, please wait...
starting version 229
[    1.387982] random: systemd-udevd: uninitialized urandom read (16 bytes read, 3 bits of entropy available)
[    1.388492] random: udevadm: uninitialized urandom read (16 bytes read, 3 bits of entropy available)
[    1.388516] random: udevadm: uninitialized urandom read (16 bytes read, 3 bits of entropy available)
[    1.397504] random: systemd-udevd: uninitialized urandom read (16 bytes read, 3 bits of entropy available)
[    1.399153] random: udevadm: uninitialized urandom read (16 bytes read, 3 bits of entropy available)
[    1.399232] random: udevadm: uninitialized urandom read (16 bytes read, 3 bits of entropy available)
[    1.399563] random: udevadm: uninitialized urandom read (16 bytes read, 3 bits of entropy available)
[    1.399623] random: udevadm: uninitialized urandom read (16 bytes read, 3 bits of entropy available)
[    1.399678] random: udevadm: uninitialized urandom read (16 bytes read, 3 bits of entropy available)
[    1.399747] random: udevadm: uninitialized urandom read (16 bytes read, 3 bits of entropy available)
[    1.454469] e1000: Intel(R) PRO/1000 Network Driver - version 7.3.21-k8-NAPI
[    1.456219] e1000: Copyright (c) 1999-2006 Intel Corporation.
[    1.457735] Fusion MPT base driver 3.04.20
[    1.458898] Copyright (c) 1999-2008 LSI Corporation
[    1.491996] AVX2 version of gcm_enc/dec engaged.
[    1.493761] AES CTR mode by8 optimization enabled
[    1.499340] Fusion MPT SPI Host driver 3.04.20
[    1.684218] input: ImExPS/2 Generic Explorer Mouse as /devices/platform/i8042/serio1/input/input4
[    1.868771] e1000 0000:00:03.0 eth0: (PCI:33MHz:32-bit) 02:49:cb:75:7f:af
[    1.870554] e1000 0000:00:03.0 eth0: Intel(R) PRO/1000 Network Connection
[    1.873102] mptbase: ioc0: Initiating bringup
[    1.873761] e1000 0000:00:03.0 enp0s3: renamed from eth0
[    2.203126] ioc0: LSI53C1030 A0: Capabilities={Initiator}
[    4.089061] scsi host2: ioc0: LSI53C1030 A0, FwRev=00000000h, Ports=1, MaxQ=256, IRQ=20
[    5.839387] scsi 2:0:0:0: Direct-Access     VBOX     HARDDISK         1.0  PQ: 0 ANSI: 5
[    5.841928] scsi target2:0:0: Beginning Domain Validation
[    5.846021] scsi target2:0:0: Domain Validation skipping write tests
[    5.847475] scsi target2:0:0: Ending Domain Validation
[    5.848959] scsi target2:0:0: asynchronous
[    5.851115] scsi 2:0:1:0: Direct-Access     VBOX     HARDDISK         1.0  PQ: 0 ANSI: 5
[    5.853188] scsi target2:0:1: Beginning Domain Validation
[    5.856670] scsi target2:0:1: Domain Validation skipping write tests
[    5.858266] scsi target2:0:1: Ending Domain Validation
[    5.872177] scsi target2:0:1: asynchronous
[    5.882076] sd 2:0:0:0: Attached scsi generic sg0 type 0
[    5.883462] sd 2:0:0:0: [sda] 83886080 512-byte logical blocks: (42.9 GB/40.0 GiB)
[    5.885658] sd 2:0:1:0: Attached scsi generic sg1 type 0
[    5.887138] sd 2:0:1:0: [sdb] 20480 512-byte logical blocks: (10.5 MB/10.0 MiB)
[    5.889496] sd 2:0:0:0: [sda] Write Protect is off
[    5.891069] sd 2:0:1:0: [sdb] Write Protect is off
[    5.892623] sd 2:0:1:0: [sdb] Incomplete mode parameter data
[    5.893980] sd 2:0:1:0: [sdb] Assuming drive cache: write through
[    5.895545] sd 2:0:0:0: [sda] Incomplete mode parameter data
[    5.897100] sd 2:0:0:0: [sda] Assuming drive cache: write through
[    5.910219]  sda: sda1
[    5.912838] sd 2:0:0:0: [sda] Attached SCSI disk
[    5.914573] sd 2:0:1:0: [sdb] Attached SCSI disk
Begin: Loading essential drivers ... [    7.373428] md: linear personality registered for level -1
[    7.377336] md: multipath personality registered for level -4
[    7.382162] md: raid0 personality registered for level 0
[    7.388632] md: raid1 personality registered for level 1
[    7.462019] raid6: sse2x1   gen()  9315 MB/s
[    7.529862] raid6: sse2x1   xor()  8815 MB/s
[    7.598110] raid6: sse2x2   gen() 12591 MB/s
[    7.665838] raid6: sse2x2   xor()  8742 MB/s
[    7.733910] raid6: sse2x4   gen() 14499 MB/s
[    7.802663] raid6: sse2x4   xor() 10721 MB/s
[    7.869664] raid6: avx2x1   gen() 19161 MB/s
[    7.938023] raid6: avx2x2   gen() 23328 MB/s
[    8.005770] raid6: avx2x4   gen() 26924 MB/s
[    8.006925] raid6: using algorithm avx2x4 gen() 26924 MB/s
[    8.008287] raid6: using avx2x2 recovery algorithm
[    8.011219] xor: automatically using best checksumming function:
[    8.049819]    avx       : 27219.000 MB/sec
[    8.052202] async_tx: api initialized (async)
[    8.062562] md: raid6 personality registered for level 6
[    8.064471] md: raid5 personality registered for level 5
[    8.066297] md: raid4 personality registered for level 4
[    8.073322] md: raid10 personality registered for level 10
done.
Begin: Running /scripts/init-premount ... done.
Begin: Mounting root file system ... Begin: Running /scripts/local-top ... done.
Begin: Running /scripts/local-premount ... [    8.105211] Btrfs loaded
Scanning for Btrfs filesystems
done.
Warning: fsck not present, so skipping root file system
[    8.142367] EXT4-fs (sda1): mounted filesystem with ordered data mode. Opts: (null)
done.
Begin: Running /scripts/local-bottom ... done.
Begin: Running /scripts/init-bottom ... done.
[    8.236196] systemd[1]: systemd 229 running in system mode. (+PAM +AUDIT +SELINUX +IMA +APPARMOR +SMACK +SYSVINIT +UTMP +LIBCRYPTSETUP +GCRYPT +GNUTLS +ACL +XZ -LZ4 +SECCOMP +BLKID +ELFUTILS +KMOD -IDN)
[    8.240633] systemd[1]: Detected virtualization oracle.
[    8.241726] systemd[1]: Detected architecture x86-64.

Welcome to [1mUbuntu 16.04.7 LTS[0m!

[    8.245986] systemd[1]: Set hostname to <ubuntu>.
[    8.249410] systemd[1]: Initializing machine ID from random generator.
[    8.250860] systemd[1]: Installed transient /etc/machine-id file.
[    8.408466] systemd[1]: Set up automount Arbitrary Executable File Formats File System Automount Point.
[[0;32m  OK  [0m] Set up automount Arbitrary Executab...ats File System Automount Point.
[    8.418456] systemd[1]: Listening on LVM2 poll daemon socket.
[[0;32m  OK  [0m] Listening on LVM2 poll daemon socket.
[    8.421399] systemd[1]: Listening on Journal Socket.
[[0;32m  OK  [0m] Listening on Journal Socket.
[    8.430184] systemd[1]: Started Trigger resolvconf update for networkd DNS.
[[0;32m  OK  [0m] Started Trigger resolvconf update for networkd DNS.
[    8.438666] systemd[1]: Listening on /dev/initctl Compatibility Named Pipe.
[[0;32m  OK  [0m] Listening on /dev/initctl Compatibility Named Pipe.
[    8.450179] systemd[1]: Listening on Device-mapper event daemon FIFOs.
[[0;32m  OK  [0m] Listening on Device-mapper event daemon FIFOs.
[    8.453495] systemd[1]: Listening on Journal Socket (/dev/log).
[[0;32m  OK  [0m] Listening on Journal Socket (/dev/log).
[    8.458258] systemd[1]: Listening on Journal Audit Socket.
[[0;32m  OK  [0m] Listening on Journal Audit Socket.
[    8.461328] systemd[1]: Listening on udev Kernel Socket.
[[0;32m  OK  [0m] Listening on udev Kernel Socket.
[    8.463501] systemd[1]: Listening on udev Control Socket.
[[0;32m  OK  [0m] Listening on udev Control Socket.
[    8.465987] systemd[1]: Created slice User and Session Slice.
[[0;32m  OK  [0m] Created slice User and Session Slice.
[    8.468707] systemd[1]: Reached target Swap.
[[0;32m  OK  [0m] Reached target Swap.
[    8.471036] systemd[1]: Listening on Syslog Socket.
[[0;32m  OK  [0m] Listening on Syslog Socket.
[    8.473352] systemd[1]: Reached target Encrypted Volumes.
[[0;32m  OK  [0m] Reached target Encrypted Volumes.
[    8.475592] systemd[1]: Started Forward Password Requests to Wall Directory Watch.
[[0;32m  OK  [0m] Started Forward Password Requests to Wall Directory Watch.
[    8.478709] systemd[1]: Reached target System Time Synchronized.
[[0;32m  OK  [0m] Reached target System Time Synchronized.
[    8.481203] systemd[1]: Listening on LVM2 metadata daemon socket.
[[0;32m  OK  [0m] Listening on LVM2 metadata daemon socket.
[    8.483457] systemd[1]: Reached target User and Group Name Lookups.
[[0;32m  OK  [0m] Reached target User and Group Name Lookups.
[    8.495202] systemd[1]: Created slice System Slice.
[[0;32m  OK  [0m] Created slice System Slice.
[    8.514143] systemd[1]: Starting Monitoring of LVM2 mirrors, snapshots etc. using dmeventd or progress polling...
         Starting Monitoring of LVM2 mirrors... dmeventd or progress polling...
[    8.526993] systemd[1]: Starting Uncomplicated firewall...
         Starting Uncomplicated firewall...
[    8.529315] systemd[1]: Reached target Slices.
[[0;32m  OK  [0m] Reached target Slices.
[    8.535085] systemd[1]: Created slice system-serial\x2dgetty.slice.
[[0;32m  OK  [0m] Created slice system-serial\x2dgetty.slice.
[    8.546852] systemd[1]: Starting Nameserver information manager...
         Starting Nameserver information manager...
[    8.549887] systemd[1]: Starting Remount Root and Kernel File Systems...
         Starting Remount Root and Kernel File Systems...
[    8.556488] EXT4-fs (sda1): re-mounted. Opts: (null)
[    8.559183] systemd[1]: Starting Journal Service...
         Starting Journal Service...
[    8.563417] systemd[1]: Mounting Huge Pages File System...
         Mounting Huge Pages File System...
[    8.566158] systemd[1]: Mounting Debug File System...
         Mounting Debug File System...
[    8.568839] systemd[1]: Starting Set console keymap...
         Starting Set console keymap...
[    8.584754] systemd[1]: Starting Load Kernel Modules...
         Starting Load Kernel Modules...
[    8.588536] systemd[1]: Mounting POSIX Message Queue File System...
         Mounting POSIX Message Queue File System...
[    8.593421] systemd[1]: Starting Create list of required static device nodes for the current kernel...
[    8.596647] Loading iSCSI transport class v2.0-870.
         Starting Create list of required st... nodes for the current kernel...
[    8.608273] systemd[1]: Mounted Huge Pages File System.
[[0;32m  OK  [0m] Mounted Huge Pages File System.
[    8.614906] iscsi: registered transport (tcp)
[    8.617938] systemd[1]: Mounted Debug File System.
[[0;32m  OK  [0m] Mounted Debug File System.
[    8.626259] systemd[1]: Mounted POSIX Message Queue File System.
[[0;32m  OK  [0m] Mounted POSIX Message Queue File System.
[    8.628321] systemd[1]: Started Journal Service.
[[0;32m  OK  [0m] Started Journal Service.
[[0;32m  OK  [0m] Started Uncomplicated firewall.
[    8.662821] iscsi: registered transport (iser)
[[0;32m  OK  [0m] Started Remount Root and Kernel File Systems.
[[0;32m  OK  [0m] Started Load Kernel Modules.
[[0;32m  OK  [0m] Started Create list of required sta...ce nodes for the current kernel.
[[0;32m  OK  [0m] Started Nameserver information manager.
[[0;32m  OK  [0m] Started LVM2 metadata daemon.
         Starting Create Static Device Nodes in /dev...
         Starting Apply Kernel Variables...
         Mounting FUSE Control File System...
         Starting udev Coldplug all Devices...
         Starting Load/Save Random Seed...
         Starting Flush Journal to Persistent Storage...
[[0;32m  OK  [0m] Mounted FUSE Control File System.
[[0;32m  OK  [0m] Started Set console keymap.
[[0;32m  OK  [0m] Started Create Static Device Nodes in /dev.
[[0;32m  OK  [0m] Started Apply Kernel Variables.
[[0;32m  OK  [0m] Started Load/Save Random Seed.
         Starting udev Kernel Device Manager...
[[0;32m  OK  [0m] Started Flush Journal to Persistent Storage.
[[0;32m  OK  [0m] Started udev Coldplug all Devices.
[[0;32m  OK  [0m] Started udev Kernel Device Manager.
[[0;32m  OK  [0m] Started Dispatch Password Requests to Console Directory Watch.
[[0;32m  OK  [0m] Found device /dev/ttyS0.
[[0;32m  OK  [0m] Listening on Load/Save RF Kill Switch Status /dev/rfkill Watch.
[[0;32m  OK  [0m] Started Monitoring of LVM2 mirrors,...ng dmeventd or progress polling.
[[0;32m  OK  [0m] Reached target Local File Systems (Pre).
[[0;32m  OK  [0m] Reached target Local File Systems.
         Starting Create Volatile Files and Directories...
         Starting Commit a transient machine-id on disk...
         Starting Set console font and keymap...
         Starting LSB: AppArmor initialization...
         Starting Tell Plymouth To Write Out Runtime Data...
         Starting Initial cloud-init job (pre-networking)...
[[0;32m  OK  [0m] Started Create Volatile Files and Directories.
         Starting Update UTMP about System Boot/Shutdown...
[[0;32m  OK  [0m] Started Commit a transient machine-id on disk.
[[0;32m  OK  [0m] Started Update UTMP about System Boot/Shutdown.
[[0;32m  OK  [0m] Started Tell Plymouth To Write Out Runtime Data.
[[0;32m  OK  [0m] Started Set console font and keymap.
[[0;32m  OK  [0m] Created slice system-getty.slice.
[   11.382409] cloud-init[625]: Cloud-init v. 20.4.1-0ubuntu1~16.04.1 running 'init-local' at Thu, 18 Mar 2021 17:28:55 +0000. Up 10.82 seconds.
[[0;32m  OK  [0m] Started Initial cloud-init job (pre-networking).
[[0;32m  OK  [0m] Reached target Network (Pre).
[[0;32m  OK  [0m] Started LSB: AppArmor initialization.
         Starting Load AppArmor profiles managed internally by snapd...
         Starting Raise network interfaces...
[[0;32m  OK  [0m] Started Load AppArmor profiles managed internally by snapd.
[[0;32m  OK  [0m] Started Raise network interfaces.
         Starting Initial cloud-init job (metadata service crawler)...
[[0;32m  OK  [0m] Reached target Network.
[   13.295211] cloud-init[941]: Cloud-init v. 20.4.1-0ubuntu1~16.04.1 running 'init' at Thu, 18 Mar 2021 17:28:57 +0000. Up 12.57 seconds.
[   13.304590] cloud-init[941]: ci-info: ++++++++++++++++++++++++++++++++++++++Net device info++++++++++++++++++++++++++++++++++++++
[   13.312758] cloud-init[941]: ci-info: +--------+------+----------------------------+---------------+--------+-------------------+
[   13.324547] cloud-init[941]: ci-info: | Device |  Up  |          Address           |      Mask     | Scope  |     Hw-Address    |
[   13.336569] cloud-init[941]: ci-info: +--------+------+----------------------------+---------------+--------+-------------------+
[[0;32m  OK  [0m] Started Initial cloud-init job (metadata service crawler).
[[0;32m  OK  [0m] Reached target System Initialization.
[   13.350800] cloud-init[941]: ci-info: | enp0s3 | True |         10.0.2.15          | 255.255.255.0 | global | 02:49:cb:75:7f:af |
[   13.357887] cloud-init[941]: ci-info: | enp0s3 | True | fe80::49:cbff:fe75:7faf/64 |       .       |  link  | 02:49:cb:75:7f:af |
[   13.359538] cloud-init[941]: ci-info: |   lo   | True |         127.0.0.1          |   255.0.0.0   |  host  |         .         |
         Starting LXD - unix socket.
[   13.364234] cloud-init[941]: ci-info: |   lo   | True |          ::1/128           |       .       |  host  |         .         |
[   13.782122] cloud-init[941]: ci-info: +--------+------+----------------------------+---------------+--------+-------------------+
[   13.801536] [cloud-init[0;32m  OK  [0m[941]: ] ci-info: +++++++++++++++++++++++++++Route IPv4 info++++++++++++++++++++++++++++Started ACPI Events Check.

[   13.802403] [[0;32m  OK  [0m] Reached target Paths.
[[0;32m  OK  [0m] Listening on UUID daemon activation socket.
         Starting Socket activation for snappy daemon.
[[0;32m  OK  [0m] Listening on ACPID Listen Socket.
[[0;32m  OK  [0m] Started Daily apt download activities.
[[0;32m  OK  [0m] Started Daily apt upgrade and clean activities.
[[0;32m  OK  [0m] Started Message of the Day.
[[0;32m  OK  [0m] Started Daily Cleanup of Temporary Directories.
[[0;32m  OK  [0m] Reached target Timers.
[[0;32m  OK  [0m] Listening on D-Bus System Message Bus Socket.
cloud-init[941]: ci-info: +-------+-------------+----------+---------------+-----------+-------+
[   13.810019] [[0;32m  OK  [0m] Reached target Network is Online.
cloud-init[941]: ci-info: | Route | Destination | Gateway  |    Genmask    | Interface | Flags |
[   13.812556] cloud-init[941]: ci-info: +-------+-------------+----------+---------------+-----------+-------+
[   13.814560] cloud-init[941]: ci-info: |   0   |   0.0.0.0   | 10.0.2.2 |    0.0.0.0    |   enp0s3  |   UG  |
[   13.825049]          Starting iSCSI initiator daemon (iscsid)...
[[0;32m  OK  [0m] Reached target Cloud-config availability.
[[0;32m  OK  [0m] Listening on LXD - unix socket.
[[0;32m  OK  [0m] Listening on Socket activation for snappy daemon.
[[0;32m  OK  [0m] Reached target Sockets.
cloud-init[941]: ci-info: |   1   |   10.0.2.0  | 0.0.0.0  | 255.255.255.0 |   enp0s3  |   U   |
[[0;32m  OK  [0m] Reached target Basic System.
[[0;32m  OK  [0m] Started FUSE filesystem for LXC.
         Starting LSB: MD monitoring daemon...
         Starting LSB: Record successful boot for GRUB...
         Starting System Logging Service...
[   13.830248]          Starting Accounts Service...
cloud-init[941]:          Starting /etc/rc.local Compatibility...
ci-info: +-------+-------------+----------+---------------+-----------+-------+
         Starting Pollinate to seed the pseudo random number generator...
         Starting Virtualbox guest utils...
         Starting Login Service...
[[0;32m  OK  [0m] Started D-Bus System Message Bus.
[   13.851369] cloud-init[941]: ci-info: +++++++++++++++++++Route IPv6 info+++++++++++++++++++
[   13.871153] cloud-init[941]: ci-info: +-------+-------------+---------+-----------+-------+
[   13.872623] cloud-init[941]: ci-info: | Route | Destination | Gateway | Interface | Flags |
[   13.874506] cloud-init[941]: ci-info: +-------+-------------+---------+-----------+-------+
[   13.876318] cloud-init[941]: ci-info: |   0   |  fe80::/64  |    ::   |   enp0s3  |   U   |
[   13.878071] cloud-init[941]: ci-info: |   3   |   ff00::/8  |    ::   |   enp0s3  |   U   |
[   13.891424] cloud-init[941]: ci-info: +-------+-------------+---------+-----------+-------+
[   13.894049] cloud-init[941]: Generating public/private rsa key pair.
[   13.900645] cloud-init[941]: Your identification has been saved in /etc/ssh/ssh_host_rsa_key.
[   13.902317] cloud-init[941]: Your public key has been saved in /etc/ssh/ssh_host_rsa_key.pub.
[   13.903798] cloud-init[941]: The key fingerprint is:
[   13.905228] cloud-init[941]: SHA256:031hHlE+6cOfvep3/PJD/RXh0qgDp7IFbWr2l11CfBg root@ubuntu-xenial
[   13.906964] cloud-init[941]: The key's randomart image is:
[   13.907894] cloud-init[941]: +---[RSA 2048]----+
[   13.910372] cloud-init[941]: |              ...|
[[0;32m  OK  [0m] Started Deferred execution scheduler.
[[0;32m  OK  [0m] Started ACPI event daemon.
[   13.916594] cloud-init[941]: |             E +.|
[   13.921057] cloud-init[941]: |        .   . Xoo|
[   13.921289] cloud-init[941]: |       . = o OoB.|
[   13.921613] cloud-init[941]: |        S = + =+o|
[   13.922116] cloud-init[941]: |       = + o o oB|
[   13.922435] cloud-init[941]: |      o =   + +o=|
[   13.922807] cloud-init[941]: |       . . o ..o=|
[[0;32m  OK  [0m] Started Regular background program processing daemon.
[   13.923445] cloud-init[941]: |          . .oo+*|
[   13.926459] cloud-init[941]: +----[SHA256]-----+
[   13.926661] cloud-init[941]: Generating public/private dsa key pair.
         Starting LXD - container startup/shutdown...
[   13.926866] cloud-init[941]: Your identification has been saved in /etc/ssh/ssh_host_dsa_key.
[   13.940694] cloud-init[941]: Your public key has been saved in /etc/ssh/ssh_host_dsa_key.pub.
[   13.941430] cloud-init[941]: The key fingerprint is:
[   13.941979] cloud-init[941]: SHA256:RxQ7mGgO8nI3V1na7SklDiUV4PzmLY4qsMQwmgW6deM root@ubuntu-xenial
[   13.942434] cloud-init[941]: The key's randomart image is:
[   13.942899] cloud-init[941]: +---[DSA 1024]----+
[   13.943249] cloud-init[941]: |          =+=.   |
[   13.943339] cloud-init[941]: |.      . * O .   |
[   13.943692] cloud-init[941]: |... . o o @ o o  |
[   13.944013] cloud-init[941]: |. =oo+   o = + . |
[   13.944539] cloud-init[941]: | *.*o.+ S . = o  |
[   13.944911] cloud-init[941]: |+  oE. o . o o   |
[   13.945463] cloud-init[941]: |   . o      o .  |
         Starting Snap Daemon...
[   13.945579] cloud-init[941]: |    . .    o .   |
[   13.950554] cloud-init[941]: |       .... .    |
[   13.964294] cloud-init[941]: +----[SHA256]-----+
[[0;32m  OK  [0m] Started System Logging Service.[   13.977640] cloud-init[941]: Generating public/private ecdsa key pair.
[   13.979120] cloud-init[941]: Your identification has been saved in /etc/ssh/ssh_host_ecdsa_key.

[   13.991978] cloud-init[941]: Your public key has been saved in /etc/ssh/ssh_host_ecdsa_key.pub.
[   14.015362] cloud-init[941]: The key fingerprint is:
[   14.016985] cloud-init[941]: SHA256:VMwQAnqTZsx93ZOaaRBH+5bR3/XsNhqxdTfBmyVt03A root@ubuntu-xenial
[   14.030043] cloud-init[941]: The key's randomart image is:
[   14.045308] cloud-init[941]: +---[ECDSA 256]---+
[[0;32m  OK  [0m] Started /etc/rc.local Compatibility.
[   14.045699] cloud-init[941]: |    ... +*+   . E|
[   14.072562] cloud-init[941]: |   + o . =oo o.+.|
[   14.072750] cloud-init[941]: |  . O . + o = o+*|
[   14.072870] cloud-init[941]: |   + . o . = + =X|
[[0;32m  OK  [0m] Started iSCSI initiator daemon (iscsid).
[   14.072920] cloud-init[941]: |        S = +. =B|
[   14.108536] cloud-init[941]: |         . .  +.+|
[   14.122898] cloud-init[941]: |             o .o|
[   14.127313] cloud-init[941]: |              o..|
[   14.127549] cloud-init[941]: |             .   |
[[0;32m  OK  [0m] Started Login Service.
[   14.127704] cloud-init[941]: +----[SHA256]-----+
[   14.144064] cloud-init[941]: Generating public/private ed25519 key pair.
[   14.155771] cloud-init[941]: Your identification has been saved in /etc/ssh/ssh_host_ed25519_key.
[   14.172713] cloud-init[941]: Your public key has been saved in /etc/ssh/ssh_host_ed25519_key.pub.
[[0;32m  OK  [0m] Started Unattended Upgrades Shutdown.
         Starting Authenticate and Authorize Users to Run Privileged Tasks...
[   14.173374] cloud-init[941]: The key fingerprint is:
[   14.206105] cloud-init[941]: SHA256:iR0JwfVBTbjIzdONG7lrRkOAJ9JHwFYqBsEDtD3Ggxo root@ubuntu-xenial
[   14.208647] cloud-init[941]: The key's randomart image is:
[   14.208982] cloud-init[941]: +--[ED25519 256]--+
         Starting Login to default iSCSI targets...
[   14.209253] cloud-init[941]: | .ooooo=o*=+.    |
[[   14.212729] [0;32m  OK  [0mcloud-init] [941]: Started LSB: MD monitoring daemon.|   =o.o.*+=..    |

[   14.214599] cloud-init[941]: |E o *.o++B.+ +   |
[   14.225266] cloud-init[941]: | o . + +oo= * .  |
[   14.226617] cloud-init[941]: |.     . S  o +   |
[   14.227699] cloud-init[941]: |            =    |
[   14.228773] cloud-init[941]: |           . o   |
[   14.230339] cloud-init[941]: |            +    |
[   14.241603] cloud-init[941]: |           o     |
[   14.243089] cloud-init[941]: +----[SHA256]-----+
[[0;32m  OK  [0m] Started LSB: Record successful boot for GRUB.
[[0;32m  OK  [0m] Started Login to default iSCSI targets.
[[0;32m  OK  [0m] Reached target Remote File Systems (Pre).
[[0;32m  OK  [0m] Reached target Remote File Systems.
         Starting Permit User Sessions...
         Starting LSB: automatic crash report generation...
         Starting LSB: daemon to balance interrupts for SMP systems...
         Starting LSB: Set the CPU Frequency Scaling governor to "ondemand"...
[[0;32m  OK  [0m] Started Virtualbox guest utils.
[[0;32m  OK  [0m] Started LXD - container startup/shutdown.
[[0;32m  OK  [0m] Started Permit User Sessions.
[[0;32m  OK  [0m] Started Authenticate and Authorize Users to Run Privileged Tasks.
[[0;32m  OK  [0m] Started Accounts Service.
         Starting Hold until boot process finishes up...
         Starting Terminate Plymouth Boot Screen...
[[0;32m  OK  [0m] Started Hold until boot process finishes up.
[[0;32m  OK  [0m] Started Serial Getty on ttyS0.
[[0;32m  OK  [0m] Started Getty on tty1.
[[0;32m  OK  [0m] Reached target Login Prompts.
         Starting Set console scheme...
[[0;32m  OK  [0m] Started LSB: Set the CPU Frequency Scaling governor to "ondemand".
[[0;32m  OK  [0m] Started Terminate Plymouth Boot Screen.
[[0;32m  OK  [0m] Started Set console scheme.
[[0;32m  OK  [0m] Started LSB: daemon to balance interrupts for SMP systems.
[[0;32m  OK  [0m] Started LSB: automatic crash report generation.
[[0;32m  OK  [0m] Started Snap Daemon.
         Starting Wait until snapd is fully seeded...
[[0;32m  OK  [0m] Started Pollinate to seed the pseudo random number generator.
         Starting OpenBSD Secure Shell server...
[[0;32m  OK  [0m] Started OpenBSD Secure Shell server.
[[0;32m  OK  [0m] Started Wait until snapd is fully seeded.
         Starting Apply the settings specified in cloud-config...
[[0;32m  OK  [0m] Reached target Multi-User System.
[[0;32m  OK  [0m] Reached target Graphical Interface.
         Starting Update UTMP about System Runlevel Changes...
[[0;32m  OK  [0m] Started Update UTMP about System Runlevel Changes.
[   16.342533] cloud-init[1287]: Generating locales (this might take a while)...
[   17.889045] cloud-init[1287]:   en_US.UTF-8... done
[   17.890067] cloud-init[1287]: Generation complete.
[   18.254533] cloud-init[1287]: Cloud-init v. 20.4.1-0ubuntu1~16.04.1 running 'modules:config' at Thu, 18 Mar 2021 17:29:00 +0000. Up 16.17 seconds.
[[0;32m  OK  [0m] Started Apply the settings specified in cloud-config.
         Starting Execute cloud user/final scripts...
ci-info: no authorized SSH keys fingerprints found for user ubuntu.
<14>Mar 18 17:29:03 ec2: 
<14>Mar 18 17:29:03 ec2: #############################################################
<14>Mar 18 17:29:03 ec2: -----BEGIN SSH HOST KEY FINGERPRINTS-----
<14>Mar 18 17:29:03 ec2: 1024 SHA256:RxQ7mGgO8nI3V1na7SklDiUV4PzmLY4qsMQwmgW6deM root@ubuntu-xenial (DSA)
<14>Mar 18 17:29:03 ec2: 256 SHA256:VMwQAnqTZsx93ZOaaRBH+5bR3/XsNhqxdTfBmyVt03A root@ubuntu-xenial (ECDSA)
<14>Mar 18 17:29:03 ec2: 256 SHA256:iR0JwfVBTbjIzdONG7lrRkOAJ9JHwFYqBsEDtD3Ggxo root@ubuntu-xenial (ED25519)
<14>Mar 18 17:29:03 ec2: 2048 SHA256:031hHlE+6cOfvep3/PJD/RXh0qgDp7IFbWr2l11CfBg root@ubuntu-xenial (RSA)
<14>Mar 18 17:29:03 ec2: -----END SSH HOST KEY FINGERPRINTS-----
<14>Mar 18 17:29:03 ec2: #############################################################
-----BEGIN SSH HOST KEY KEYS-----
ecdsa-sha2-nistp256 AAAAE2VjZHNhLXNoYTItbmlzdHAyNTYAAAAIbmlzdHAyNTYAAABBBE2wy5c5fRQzCQpJSl0p5t1lMvcO/8qi7LH9JwjWdvzil26vHW4rCCtqBIlf2D1kv22uHqP1Crj4rb5HCXYDTAM= root@ubuntu-xenial
ssh-ed25519 AAAAC3NzaC1lZDI1NTE5AAAAIOwx/hiI6LKgKvjSVpL3r1eQ6flLBGO+kiAaz3slosj7 root@ubuntu-xenial
ssh-rsa AAAAB3NzaC1yc2EAAAADAQABAAABAQDEFKg057fP0NbypEBdPsZuJlUbT3NGUD822bAwxWF57mEt2pyvbiO19Devfkr8HM8J5EaoW17MTPZ4/QMyWPUU5bngJOHDjQGqAqU83qSq/S88RSuJeC/C3j+sUemyky2zpgpNKxr7kKhM0Xg+WtaHxjvdp+6sK9zsPUWuAeTkDO0HwCSEN/MqjAoW1nj2eYdIKcO1LKdfpz8qzxthqf6/INv76vlFS+R77Wlm7Fj+aKje7t4OOEenxo3pSa2PVE+NE0IeyawuHtT7VMTkQ4fvxtMpu7nxoPyHRpPFPtIRZ5wFvtKF8Hl34oHeeFSanc+sR4Tle3+hrVjH9ke7YRrX root@ubuntu-xenial
-----END SSH HOST KEY KEYS-----
[   18.899586] cloud-init[1332]: Cloud-init v. 20.4.1-0ubuntu1~16.04.1 running 'modules:final' at Thu, 18 Mar 2021 17:29:03 +0000. Up 18.70 seconds.
[   18.908591] cloud-init[1332]: ci-info: no authorized SSH keys fingerprints found for user ubuntu.
[   18.909801] cloud-init[1332]: Cloud-init v. 20.4.1-0ubuntu1~16.04.1 finished at Thu, 18 Mar 2021 17:29:03 +0000. Datasource DataSourceNoCloud [seed=/dev/sdb][dsmode=net].  Up 18.89 seconds
[[0;32m  OK  [0m] Started Execute cloud user/final scripts.
[[0;32m  OK  [0m] Reached target Cloud-init target.

Ubuntu 16.04.7 LTS ubuntu-xenial ttyS0

ubuntu-xenial login: 